<?xml version="1.0" encoding="utf-8"?><testsuites name="pytest tests"><testsuite name="pytest" errors="0" failures="2" skipped="0" tests="104" time="5.542" timestamp="2026-08-21T12:16:23.871536+08:00" hostname="rlc123-MS-7E07"><testcase classname="tests.test_acceptance" name="test_loads_hash_bound_development_threshold" time="0.002" /><testcase classname="tests.test_acceptance" name="test_rejects_non_development_contract[mode-production]" time="0.001" /><testcase classname="tests.test_acceptance" name="test_rejects_non_development_contract[acceptance_status-approved]" time="0.001" /><testcase classname="tests.test_acceptance" name="test_rejects_non_development_contract[formal_eligible-True]" time="0.000" /><testcase classname="tests.test_acceptance" name="test_rejects_non_development_contract[production_allowed-True]" time="0.000" /><testcase classname="tests.test_acceptance" name="test_rejects_non_development_contract[operator_overrides_allowed-True]" time="0.000" /><testcase classname="tests.test_acceptance" name="test_rejects_non_development_contract[detached_signature-dev-key]" time="0.000" /><testcase classname="tests.test_acceptance" name="test_loads_scoped_p4_bf16_threshold_without_changing_p8" time="0.000" /><testcase classname="tests.test_acceptance" name="test_rejects_p4_bf16_scope_drift" time="0.001" /><testcase classname="tests.test_acceptance" name="test_rejects_non_null_formal_bf16_threshold" time="0.000" /><testcase classname="tests.test_action_delta_and_masks" name="test_action_delta_whole_chunk_roundtrip" time="0.001" /><testcase classname="tests.test_action_delta_and_masks" name="test_action_delta_batched_state_binding" time="0.001" /><testcase classname="tests.test_action_delta_and_masks" name="test_zyx_inverse_returns_principal_chart_and_rejects_singular_region" time="0.001" /><testcase classname="tests.test_action_delta_and_masks" name="test_test_only_action_safety_profile_checks_width_and_workspace" time="0.011" /><testcase classname="tests.test_action_delta_and_masks" name="test_padding_is_zero_and_masked" time="0.000" /><testcase classname="tests.test_architecture_positioning" name="test_v42_freezes_inheritance_innovation_and_online_scope" time="0.000" /><testcase classname="tests.test_architecture_positioning" name="test_readme_does_not_claim_online_completion" time="0.000" /><testcase classname="tests.test_cartesian7d_flow_contract" name="test_cartesian7d_global_feature_mask_and_per_sample_reduction" time="0.002" /><testcase classname="tests.test_cartesian7d_flow_contract" name="test_mean_reduction_uses_global_valid_feature_denominator" time="0.001" /><testcase classname="tests.test_cartesian7d_flow_contract" name="test_noise_contract_accepts_7d_and_rejects_nonzero_padding" time="0.001" /><testcase classname="tests.test_cartesian7d_flow_contract" name="test_action_valid_mask_is_mandatory" time="0.000" /><testcase classname="tests.test_chunk_context" name="test_chunk_context_is_batch_bound" time="0.000" /><testcase classname="tests.test_chunk_context" name="test_reset_generation_invalidates_context" time="0.000" /><testcase classname="tests.test_chunk_context" name="test_context_rejects_short_tail" time="0.000" /><testcase classname="tests.test_conversion_gate" name="test_formal_conversion_fails_before_creating_output" time="0.010" /><testcase classname="tests.test_conversion_gate" name="test_formal_conversion_refuses_existing_output_first" time="0.001" /><testcase classname="tests.test_force_config" name="test_two_camera_cartesian7d_config_offline" time="0.084" /><testcase classname="tests.test_force_config" name="test_p5_dense_variant_freezes_single_head_adapter_and_eight_head_fusion" time="0.070" /><testcase classname="tests.test_force_config" name="test_p6_variants_freeze_dense_param_and_moe_contract[force_token_dense_param]" time="0.067" /><testcase classname="tests.test_force_config" name="test_p6_variants_freeze_dense_param_and_moe_contract[force_token_moe]" time="0.070" /><testcase classname="tests.test_force_config" name="test_p6_variants_freeze_dense_param_and_moe_contract[force_token_moe_additive]" time="0.069" /><testcase classname="tests.test_force_config" name="test_online_hil_stage_freezes_vlm_flags" time="0.070" /><testcase classname="tests.test_force_config" name="test_training_stage_flag_mismatch_fails_fast" time="0.069" /><testcase classname="tests.test_force_config" name="test_extra_camera_fails_fast" time="0.071" /><testcase classname="tests.test_force_config" name="test_visual_batch_exact_order[keys0]" time="0.000" /><testcase classname="tests.test_force_config" name="test_visual_batch_exact_order[keys1]" time="0.000" /><testcase classname="tests.test_force_config" name="test_visual_batch_exact_order[keys2]" time="0.000" /><testcase classname="tests.test_force_config" name="test_visual_batch_exact_order[keys3]" time="0.000" /><testcase classname="tests.test_force_config" name="test_base_state_dict_transform_is_closed_allowlist" time="0.000" /><testcase classname="tests.test_force_token_dense_compute" name="test_frozen_physical_layout_and_segment_boundaries" time="0.000" /><testcase classname="tests.test_force_token_dense_compute" name="test_force_fusion_excludes_state_and_masks_right_padded_language" time="0.401" /><testcase classname="tests.test_force_token_dense_compute" name="test_force_cross_attention_is_exact_single_head_formula_and_masks_keys_queries" time="0.064" /><testcase classname="tests.test_force_token_dense_compute" name="test_prepared_force_context_projects_kv_once_for_repeated_queries" time="0.035" /><testcase classname="tests.test_force_token_dense_compute" name="test_prepared_force_context_rejects_any_lifecycle_binding_change" time="0.001" /><testcase classname="tests.test_force_token_dense_compute" name="test_model_generation_changes_after_optimizer_step" time="0.005" /><testcase classname="tests.test_force_token_dense_compute" name="test_adapter_has_unique_zero_output_projection_and_first_step_wout_gradient" time="0.063" /><testcase classname="tests.test_force_token_dense_compute" name="test_seed42_force_initialization_tensor_hash_is_deterministic" time="0.003" /><testcase classname="tests.test_geometry" name="test_wrench_moment_shift_golden_fixture" time="0.001" /><testcase classname="tests.test_geometry" name="test_nonfinite_raw_wrench_fails_before_geometry" time="0.000" /><testcase classname="tests.test_lerobot_v3_smoke" name="test_feature_contract_splits_state7_and_wrench6" time="0.000" /><testcase classname="tests.test_lerobot_v3_smoke" name="test_lerobot_v3_two_camera_writer_smoke" time="0.061" /><testcase classname="tests.test_lerobot_v3_smoke" name="test_writer_refuses_existing_root" time="0.001" /><testcase classname="tests.test_lerobot_v3_smoke" name="test_split_loader_resolves_output_indices_and_rejects_formal_development_data" time="0.001" /><testcase classname="tests.test_normalizer_ownership" name="test_normalizer_fits_train_only_and_applies_exactly_once" time="0.001" /><testcase classname="tests.test_normalizer_ownership" name="test_normalizer_rejects_nontrain_episode_fit_input" time="0.000" /><testcase classname="tests.test_p1_artifacts" name="test_p1_development_artifacts_validate[wrench_geometry_spec.schema.json-wrench_geometry_spec.development.json]" time="0.001" /><testcase classname="tests.test_p1_artifacts" name="test_p1_development_artifacts_validate[calibration_bundle.schema.json-calibration_bundle.development.json]" time="0.001" /><testcase classname="tests.test_p1_artifacts" name="test_geometry_approved_cannot_keep_pending_threshold" time="0.001" /><testcase classname="tests.test_p1_artifacts" name="test_filter_candidate_is_explicitly_incomplete" time="0.000" /><testcase classname="tests.test_p1_artifacts" name="test_training_stage_amendment_is_explicit" time="0.000" /><testcase classname="tests.test_p5_gate_contract" name="test_p5_entry_is_bound_to_current_p4_r5_evidence" time="0.001"><failure message="AssertionError: assert 'ad60d3ab9c29...596140b816b56' == '36f5aeee0d7c...fa8c44b84aab3'&#10;  &#10;  - 36f5aeee0d7c7380d5bf5e875f6455aca26a478801dac37bac8fa8c44b84aab3&#10;  + ad60d3ab9c2959074a110107f052ebb3b480560eaed695e0977596140b816b56">def test_p5_entry_is_bound_to_current_p4_r5_evidence():
        spec = json.loads(
            (ROOT / "configs/p5_force_token_dense_compute.development.json").read_text()
        )
        _validate_static_spec(spec)
        observed = _validate_p4_prerequisite(ROOT, spec)
        assert observed["acceptance_config_sha256"] == (
            "fefe35a92bcbf22de67c7c7b43e9f97d2658afef41745182b2b8207f750592f4"
        )
&gt;       assert observed["source_binding_sha256"] == (
            "36f5aeee0d7c7380d5bf5e875f6455aca26a478801dac37bac8fa8c44b84aab3"
        )
E       AssertionError: assert 'ad60d3ab9c29...596140b816b56' == '36f5aeee0d7c...fa8c44b84aab3'
E         
E         - 36f5aeee0d7c7380d5bf5e875f6455aca26a478801dac37bac8fa8c44b84aab3
E         + ad60d3ab9c2959074a110107f052ebb3b480560eaed695e0977596140b816b56

tests/test_p5_gate_contract.py:26: AssertionError</failure></testcase><testcase classname="tests.test_p5_gate_contract" name="test_p5_entry_rejects_p4_artifact_hash_drift" time="0.001" /><testcase classname="tests.test_p6_dense_param_moe" name="test_router_uses_deterministic_forcevla_flaxformer_initialization" time="0.284" /><testcase classname="tests.test_p6_dense_param_moe" name="test_dense_param_hidden_dim_is_unique_nearest_moe_budget" time="0.000" /><testcase classname="tests.test_p6_dense_param_moe" name="test_dense_param_and_moe_resolved_parameter_and_active_compute_budgets" time="0.003" /><testcase classname="tests.test_p6_dense_param_moe" name="test_dense_param_refiner_resolves_hidden_and_masks_invalid_tokens" time="0.014" /><testcase classname="tests.test_p6_dense_param_moe" name="test_moe_capacity_free_top1_has_no_drop_and_only_one_active_expert_per_token" time="0.042" /><testcase classname="tests.test_p6_dense_param_moe" name="test_moe_routing_and_output_are_batch_and_permutation_invariant" time="0.095" /><testcase classname="tests.test_p6_dense_param_moe" name="test_moe_tie_breaks_to_minimum_expert_and_router_is_fp32_under_autocast" time="0.027" /><testcase classname="tests.test_p6_dense_param_moe" name="test_moe_state_dict_names_are_explicit_and_force_context_exposes_router_state" time="0.202" /><testcase classname="tests.test_p6_dense_param_moe" name="test_dense_and_moe_common_modules_have_identical_seeded_initialization" time="0.011" /><testcase classname="tests.test_p6_gate_contract" name="test_p6_freezes_all_four_p5_prerequisite_hashes_and_import_roots" time="0.001"><failure message="RuntimeError: P6_COMMON_ARCHITECTURE_BINDING_DRIFT">def test_p6_freezes_all_four_p5_prerequisite_hashes_and_import_roots():
        spec = _spec()
&gt;       _validate_spec(spec)

tests/test_p6_gate_contract.py:26: 
_ _ _ _ _ _ _ _ _ _ _ _ _ _ _ _ _ _ _ _ _ _ _ _ _ _ _ _ _ _ _ _ _ _ _ _ _ _ _ _ 

spec = {'acceptance_status': 'development_only', 'approval': None, 'common_architecture_binding': {'D_expert': 720, 'D_vlm': ...n': 7372800, 'relative_moe_active_mac_difference': 0.0006506180871828257, 'variant': 'force_token_dense_compute'}, ...}

    def _validate_spec(spec: dict) -&gt; None:
        if (
            spec.get("acceptance_status") != "development_only"
            or spec.get("formal_eligible") is not False
            or spec.get("training_stage") != "offline_full_finetune"
            or spec.get("seed") != 42
        ):
            raise RuntimeError("P6_STATIC_SPEC_STATUS_DRIFT")
        expected_common = {
            "p5_static_spec_sha256": (
                "e4afe4aae995c0133f35e9b2a592ad484f89d60cc3d2b6ec5439ee0d1458f19e"
            ),
            "D_vlm": 960,
            "D_expert": 720,
            "fusion_blocks": 2,
            "fusion_heads": 8,
            "force_cross_attention_heads": 1,
            "N_fused_physical": 177,
        }
        if spec.get("common_architecture_binding") != expected_common:
&gt;           raise RuntimeError("P6_COMMON_ARCHITECTURE_BINDING_DRIFT")
E           RuntimeError: P6_COMMON_ARCHITECTURE_BINDING_DRIFT

tools/preflight_p6_variants_gpu.py:48: RuntimeError</failure></testcase><testcase classname="tests.test_p6_gate_contract" name="test_p6_rejects_any_parent_p5_hash_drift" time="0.001" /><testcase classname="tests.test_policy_action_api" name="test_public_action_api_is_absolute_safe_no_grad_and_batch_atomic" time="0.020" /><testcase classname="tests.test_policy_action_api" name="test_public_action_api_sets_eval_and_zeroes_invalid_tail" time="0.018" /><testcase classname="tests.test_policy_action_api" name="test_runtime_action_delta_source_hash_tamper_fails_closed" time="0.001" /><testcase classname="tests.test_prefix_contract" name="test_prefix_layout_is_fixed_and_contiguous" time="0.000" /><testcase classname="tests.test_prefix_contract" name="test_prefix_cache_detects_length_and_content_mutation" time="0.000" /><testcase classname="tests.test_prefix_contract" name="test_valid_length_is_not_physical_length" time="0.000" /><testcase classname="tests.test_raw_to_lerobot_v3" name="test_cli_defaults_are_direct_raw_to_separate_v3_output" time="0.001" /><testcase classname="tests.test_raw_to_lerobot_v3" name="test_cli_accepts_explicit_task_specific_development_runtime_spec" time="0.001" /><testcase classname="tests.test_raw_to_lerobot_v3" name="test_clock_map_uses_explicit_supported_contract_and_is_deterministic" time="0.005" /><testcase classname="tests.test_raw_to_lerobot_v3" name="test_runtime_contract_rejects_unfrozen_semantics" time="0.000" /><testcase classname="tests.test_raw_to_lerobot_v3" name="test_ack_action_uses_latest_causal_reference_and_preserves_absolute_width" time="0.001" /><testcase classname="tests.test_raw_to_lerobot_v3" name="test_source_tree_manifest_is_content_bound_and_sorted" time="0.001" /><testcase classname="tests.test_rulespec" name="test_development_rulespec_validates[force_quality_thresholds.development.yaml]" time="0.016" /><testcase classname="tests.test_rulespec" name="test_development_rulespec_validates[shadow_safety_thresholds.development.yaml]" time="0.018" /><testcase classname="tests.test_rulespec" name="test_formal_mode_fails_closed_before_approval" time="0.015" /><testcase classname="tests.test_rulespec" name="test_test_only_shadow_rulespec_is_schema_valid_but_not_formal" time="0.037" /><testcase classname="tests.test_split_normalizer" name="test_episode_split_is_deterministic_and_disjoint" time="0.001" /><testcase classname="tests.test_split_normalizer" name="test_split_semantics_have_no_default" time="0.000" /><testcase classname="tests.test_split_normalizer" name="test_normalizer_rejects_validation_episode" time="0.000" /><testcase classname="tests.test_split_normalizer" name="test_normalizer_records_train_episodes_only" time="0.000" /><testcase classname="tests.test_temporal" name="test_causal_pose_zoh_golden_fixture" time="0.001" /><testcase classname="tests.test_temporal" name="test_max_pose_age_has_no_default" time="0.000" /><testcase classname="tests.test_temporal" name="test_nonmonotonic_source_timestamp_fails" time="0.000" /><testcase classname="tests.test_temporal" name="test_reference_grid_has_fixed_global_phase_and_no_compression" time="0.000" /><testcase classname="tests.test_temporal" name="test_latest_causal_never_reads_future" time="0.000" /><testcase classname="tests.test_temporal" name="test_action_tail_requires_three_acknowledged_zoh_labels" time="0.000" /><testcase classname="tests.test_training_data" name="test_real_training_transform_delta_normalizes_once_and_preserves_mask" time="0.001" /><testcase classname="tests.test_training_data" name="test_normalizer_manifest_tamper_fails" time="0.001" /><testcase classname="tests.test_training_stage" name="test_offline_stage_unfreezes_every_parameter_and_trains_vlm" time="0.001" /><testcase classname="tests.test_training_stage" name="test_online_hil_stage_freezes_only_vlm_and_keeps_it_eval" time="0.001" /><testcase classname="tests.test_training_stage" name="test_optimizer_state_cannot_cross_training_stage" time="0.000" /></testsuite></testsuites>