<?xml version="1.0" encoding="utf-8"?><testsuites name="pytest tests"><testsuite name="pytest" errors="0" failures="0" skipped="0" tests="147" time="113.577" timestamp="2026-08-21T10:25:02.068027+08:00" hostname="rlc123-MS-7E07"><testcase classname="tests.test_acceptance" name="test_loads_hash_bound_development_threshold" time="0.001" /><testcase classname="tests.test_acceptance" name="test_rejects_non_development_contract[mode-production]" time="0.001" /><testcase classname="tests.test_acceptance" name="test_rejects_non_development_contract[acceptance_status-approved]" time="0.000" /><testcase classname="tests.test_acceptance" name="test_rejects_non_development_contract[formal_eligible-True]" time="0.000" /><testcase classname="tests.test_acceptance" name="test_rejects_non_development_contract[production_allowed-True]" time="0.001" /><testcase classname="tests.test_acceptance" name="test_rejects_non_development_contract[operator_overrides_allowed-True]" time="0.000" /><testcase classname="tests.test_acceptance" name="test_rejects_non_development_contract[detached_signature-dev-key]" time="0.000" /><testcase classname="tests.test_acceptance" name="test_loads_scoped_p4_bf16_threshold_without_changing_p8" time="0.000" /><testcase classname="tests.test_acceptance" name="test_rejects_p4_bf16_scope_drift" time="0.000" /><testcase classname="tests.test_acceptance" name="test_rejects_non_null_formal_bf16_threshold" time="0.000" /><testcase classname="tests.test_action_delta_and_masks" name="test_action_delta_whole_chunk_roundtrip" time="0.001" /><testcase classname="tests.test_action_delta_and_masks" name="test_action_delta_batched_state_binding" time="0.001" /><testcase classname="tests.test_action_delta_and_masks" name="test_zyx_inverse_returns_principal_chart_and_rejects_singular_region" time="0.000" /><testcase classname="tests.test_action_delta_and_masks" name="test_test_only_action_safety_profile_checks_width_and_workspace" time="0.010" /><testcase classname="tests.test_action_delta_and_masks" name="test_padding_is_zero_and_masked" time="0.000" /><testcase classname="tests.test_architecture_positioning" name="test_v42_freezes_inheritance_innovation_and_online_scope" time="0.000" /><testcase classname="tests.test_architecture_positioning" name="test_readme_does_not_claim_online_completion" time="0.000" /><testcase classname="tests.test_cartesian7d_flow_contract" name="test_cartesian7d_global_feature_mask_and_per_sample_reduction" time="0.002" /><testcase classname="tests.test_cartesian7d_flow_contract" name="test_mean_reduction_uses_global_valid_feature_denominator" time="0.001" /><testcase classname="tests.test_cartesian7d_flow_contract" name="test_noise_contract_accepts_7d_and_rejects_nonzero_padding" time="0.000" /><testcase classname="tests.test_cartesian7d_flow_contract" name="test_action_valid_mask_is_mandatory" time="0.000" /><testcase classname="tests.test_chunk_context" name="test_chunk_context_is_batch_bound" time="0.000" /><testcase classname="tests.test_chunk_context" name="test_reset_generation_invalidates_context" time="0.000" /><testcase classname="tests.test_chunk_context" name="test_context_rejects_short_tail" time="0.000" /><testcase classname="tests.test_conversion_gate" name="test_formal_conversion_fails_before_creating_output" time="0.009" /><testcase classname="tests.test_conversion_gate" name="test_formal_conversion_refuses_existing_output_first" time="0.001" /><testcase classname="tests.test_force_config" name="test_two_camera_cartesian7d_config_offline" time="0.093" /><testcase classname="tests.test_force_config" name="test_p5_dense_variant_freezes_single_head_adapter_and_eight_head_fusion" time="0.067" /><testcase classname="tests.test_force_config" name="test_p6_variants_freeze_dense_param_and_moe_contract[force_token_dense_param]" time="0.066" /><testcase classname="tests.test_force_config" name="test_p6_variants_freeze_dense_param_and_moe_contract[force_token_moe]" time="0.067" /><testcase classname="tests.test_force_config" name="test_p6_variants_freeze_dense_param_and_moe_contract[force_token_moe_additive]" time="0.068" /><testcase classname="tests.test_force_config" name="test_online_hil_stage_freezes_vlm_flags" time="0.064" /><testcase classname="tests.test_force_config" name="test_training_stage_flag_mismatch_fails_fast" time="0.065" /><testcase classname="tests.test_force_config" name="test_extra_camera_fails_fast" time="0.068" /><testcase classname="tests.test_force_config" name="test_visual_batch_exact_order[keys0]" time="0.000" /><testcase classname="tests.test_force_config" name="test_visual_batch_exact_order[keys1]" time="0.000" /><testcase classname="tests.test_force_config" name="test_visual_batch_exact_order[keys2]" time="0.000" /><testcase classname="tests.test_force_config" name="test_visual_batch_exact_order[keys3]" time="0.000" /><testcase classname="tests.test_force_config" name="test_base_state_dict_transform_is_closed_allowlist" time="0.000" /><testcase classname="tests.test_force_token_dense_compute" name="test_frozen_physical_layout_and_segment_boundaries" time="0.000" /><testcase classname="tests.test_force_token_dense_compute" name="test_force_fusion_excludes_state_and_masks_right_padded_language" time="0.424" /><testcase classname="tests.test_force_token_dense_compute" name="test_force_cross_attention_is_exact_single_head_formula_and_masks_keys_queries" time="0.059" /><testcase classname="tests.test_force_token_dense_compute" name="test_prepared_force_context_projects_kv_once_for_repeated_queries" time="0.035" /><testcase classname="tests.test_force_token_dense_compute" name="test_prepared_force_context_rejects_any_lifecycle_binding_change" time="0.001" /><testcase classname="tests.test_force_token_dense_compute" name="test_model_generation_changes_after_optimizer_step" time="0.002" /><testcase classname="tests.test_force_token_dense_compute" name="test_adapter_has_unique_zero_output_projection_and_first_step_wout_gradient" time="0.056" /><testcase classname="tests.test_force_token_dense_compute" name="test_seed42_force_initialization_tensor_hash_is_deterministic" time="0.002" /><testcase classname="tests.test_geometry" name="test_wrench_moment_shift_golden_fixture" time="0.004" /><testcase classname="tests.test_geometry" name="test_nonfinite_raw_wrench_fails_before_geometry" time="0.000" /><testcase classname="tests.test_lerobot_v3_smoke" name="test_feature_contract_splits_state7_and_wrench6" time="0.000" /><testcase classname="tests.test_lerobot_v3_smoke" name="test_lerobot_v3_two_camera_writer_smoke" time="0.076" /><testcase classname="tests.test_lerobot_v3_smoke" name="test_writer_refuses_existing_root" time="0.000" /><testcase classname="tests.test_lerobot_v3_smoke" name="test_split_loader_resolves_output_indices_and_rejects_formal_development_data" time="0.001" /><testcase classname="tests.test_normalizer_ownership" name="test_normalizer_fits_train_only_and_applies_exactly_once" time="0.001" /><testcase classname="tests.test_normalizer_ownership" name="test_normalizer_rejects_nontrain_episode_fit_input" time="0.000" /><testcase classname="tests.test_p1_artifacts" name="test_p1_development_artifacts_validate[wrench_geometry_spec.schema.json-wrench_geometry_spec.development.json]" time="0.001" /><testcase classname="tests.test_p1_artifacts" name="test_p1_development_artifacts_validate[calibration_bundle.schema.json-calibration_bundle.development.json]" time="0.001" /><testcase classname="tests.test_p1_artifacts" name="test_geometry_approved_cannot_keep_pending_threshold" time="0.000" /><testcase classname="tests.test_p1_artifacts" name="test_filter_candidate_is_explicitly_incomplete" time="0.000" /><testcase classname="tests.test_p1_artifacts" name="test_training_stage_amendment_is_explicit" time="0.000" /><testcase classname="tests.test_p5_gate_contract" name="test_p5_entry_is_bound_to_current_p4_r5_evidence" time="0.000" /><testcase classname="tests.test_p5_gate_contract" name="test_p5_entry_rejects_p4_artifact_hash_drift" time="0.000" /><testcase classname="tests.test_p6_dense_param_moe" name="test_dense_param_hidden_dim_is_unique_nearest_moe_budget" time="0.000" /><testcase classname="tests.test_p6_dense_param_moe" name="test_dense_param_and_moe_resolved_parameter_and_active_compute_budgets" time="0.002" /><testcase classname="tests.test_p6_dense_param_moe" name="test_dense_param_refiner_resolves_hidden_and_masks_invalid_tokens" time="0.010" /><testcase classname="tests.test_p6_dense_param_moe" name="test_moe_capacity_free_top1_has_no_drop_and_only_one_active_expert_per_token" time="0.036" /><testcase classname="tests.test_p6_dense_param_moe" name="test_moe_routing_and_output_are_batch_and_permutation_invariant" time="0.105" /><testcase classname="tests.test_p6_dense_param_moe" name="test_moe_tie_breaks_to_minimum_expert_and_router_is_fp32_under_autocast" time="0.022" /><testcase classname="tests.test_p6_dense_param_moe" name="test_moe_state_dict_names_are_explicit_and_force_context_exposes_router_state" time="0.181" /><testcase classname="tests.test_p6_dense_param_moe" name="test_dense_and_moe_common_modules_have_identical_seeded_initialization" time="0.006" /><testcase classname="tests.test_p6_gate_contract" name="test_p6_freezes_all_four_p5_prerequisite_hashes_and_import_roots" time="0.490" /><testcase classname="tests.test_p6_gate_contract" name="test_p6_rejects_any_parent_p5_hash_drift" time="0.001" /><testcase classname="tests.test_p7_additive" name="test_additive_and_main_have_identical_parameter_names_shapes_counts_and_init" time="0.004" /><testcase classname="tests.test_p7_additive" name="test_zero_initialized_wout_makes_native_output_exactly_equal_at_step_zero" time="0.040" /><testcase classname="tests.test_p7_additive" name="test_action_query_exactly_adds_suffix_position_noisy_action_and_timestep" time="0.002" /><testcase classname="tests.test_p7_additive" name="test_only_additive_structural_difference_is_query_excluding_suffix" time="0.003" /><testcase classname="tests.test_p7_additive" name="test_additive_config_is_explicit_and_recipe_presets_are_frozen" time="0.130" /><testcase classname="tests.test_p7_gate_contract" name="test_p7_freezes_p6_and_separates_single_pass_from_exact_oracle" time="34.450" /><testcase classname="tests.test_p7_gate_contract" name="test_p7_rejects_any_parent_p6_hash_drift" time="0.001" /><testcase classname="tests.test_p7_router_training" name="test_two_pass_terms_sum_to_exact_global_definition_and_gradients" time="0.046" /><testcase classname="tests.test_p7_router_training" name="test_zero_router_and_flow_denominators_return_graph_connected_zero" time="0.019" /><testcase classname="tests.test_p7_router_training" name="test_two_pass_window_uses_eight_microbatches_and_exactly_one_update" time="0.148" /><testcase classname="tests.test_p7_router_training" name="test_two_pass_rejects_wrong_window_size_and_duplicate_identity" time="0.001" /><testcase classname="tests.test_p7_router_training" name="test_optimizer_updates_are_derived_from_the_primary_sample_budget" time="0.000" /><testcase classname="tests.test_p7_router_training" name="test_single_pass_update_uses_one_forward_backward_and_optimizer_step" time="0.013" /><testcase classname="tests.test_p7_router_training" name="test_uniform_sampler_restores_rng_and_cursor_exactly" time="0.000" /><testcase classname="tests.test_p7_router_training" name="test_p7_optimizer_groups_and_frozen_scheduler_semantics" time="0.001" /><testcase classname="tests.test_p8_acceptance" name="test_p8_development_thresholds_are_scoped_and_formal_remains_null" time="0.000" /><testcase classname="tests.test_p8_acceptance" name="test_p8_rejects_non_null_formal_threshold" time="0.001" /><testcase classname="tests.test_p8_checkpoint" name="test_development_manifest_hashes_exact_files_and_tamper_fails" time="0.001" /><testcase classname="tests.test_p8_checkpoint" name="test_development_manifest_accepts_training_checkpoint_type" time="0.001" /><testcase classname="tests.test_p8_checkpoint" name="test_training_payload_contract_requires_bound_files_and_constructor" time="0.001" /><testcase classname="tests.test_p8_checkpoint" name="test_manifest_rejects_extra_file_and_formal_use" time="0.001" /><testcase classname="tests.test_p8_checkpoint" name="test_force_checkpoint_requires_local_strict_arguments[kwargs0]" time="0.000" /><testcase classname="tests.test_p8_checkpoint" name="test_force_checkpoint_requires_local_strict_arguments[kwargs1]" time="0.000" /><testcase classname="tests.test_p8_checkpoint" name="test_force_checkpoint_requires_local_strict_arguments[kwargs2]" time="0.000" /><testcase classname="tests.test_p8_checkpoint" name="test_force_policy_from_pretrained_rejects_remote_identifier_before_hub_call" time="0.000" /><testcase classname="tests.test_p8_checkpoint" name="test_trainability_manifest_has_exact_names_shapes_and_hash" time="0.001" /><testcase classname="tests.test_p8_checkpoint" name="test_optimizer_state_hash_accepts_bfloat16_tensor_bytes" time="0.000" /><testcase classname="tests.test_p8_checkpoint" name="test_resume_restores_optimizer_scheduler_rng_sampler_scaler_and_phase" time="0.022" /><testcase classname="tests.test_p8_checkpoint" name="test_resume_rejects_cross_training_stage_before_state_restore" time="0.003" /><testcase classname="tests.test_p8_checkpoint" name="test_resume_rejects_batching_drift_before_optimizer_restore[2-1-P8_ACCUMULATION_STATE_INVALID]" time="0.003" /><testcase classname="tests.test_p8_checkpoint" name="test_resume_rejects_batching_drift_before_optimizer_restore[4-8-P8_ACCUMULATION_STATE_INVALID]" time="0.003" /><testcase classname="tests.test_p8_checkpoint" name="test_resume_rejects_source_binding_drift_before_optimizer_restore" time="0.003" /><testcase classname="tests.test_p8_gate_contract" name="test_p8_freezes_all_p7_evidence_and_fixture_hashes" time="72.674" /><testcase classname="tests.test_p8_gate_contract" name="test_p8_rejects_any_parent_p7_hash_drift" time="0.001" /><testcase classname="tests.test_p8_prepared_force_fp32" name="test_prepared_force_kv_stays_fp32_inside_outer_bf16_autocast" time="0.001" /><testcase classname="tests.test_p9_shadow" name="test_shadow_tick_schedule_and_latest_generation_wins" time="0.012" /><testcase classname="tests.test_p9_shadow" name="test_invalid_new_candidate_does_not_supersede_valid_plan" time="0.019" /><testcase classname="tests.test_p9_shadow" name="test_production_missing_or_test_only_clock_map_fails_candidate_closed" time="0.040" /><testcase classname="tests.test_p9_shadow" name="test_stale_and_mismatched_clock_maps_fail_candidate_closed" time="0.020" /><testcase classname="tests.test_p9_shadow" name="test_record_replay_is_exact_and_hash_tamper_fails" time="0.022" /><testcase classname="tests.test_p9_shadow" name="test_terminal_hold_overrun_rejects_run" time="0.011" /><testcase classname="tests.test_p9_shadow" name="test_p9_module_has_no_ros_or_robot_send_path" time="0.000" /><testcase classname="tests.test_p9_shadow" name="test_p9_contract_binds_current_task2_p8_and_keeps_formal_unapproved" time="0.000" /><testcase classname="tests.test_p9_shadow" name="test_p9_uses_bound_integer_episode_clock_map_for_device_source_stamps" time="0.000" /><testcase classname="tests.test_policy_action_api" name="test_public_action_api_is_absolute_safe_no_grad_and_batch_atomic" time="0.011" /><testcase classname="tests.test_policy_action_api" name="test_public_action_api_sets_eval_and_zeroes_invalid_tail" time="0.011" /><testcase classname="tests.test_policy_action_api" name="test_runtime_action_delta_source_hash_tamper_fails_closed" time="0.000" /><testcase classname="tests.test_prefix_contract" name="test_prefix_layout_is_fixed_and_contiguous" time="0.000" /><testcase classname="tests.test_prefix_contract" name="test_prefix_cache_detects_length_and_content_mutation" time="0.000" /><testcase classname="tests.test_prefix_contract" name="test_valid_length_is_not_physical_length" time="0.000" /><testcase classname="tests.test_raw_to_lerobot_v3" name="test_cli_defaults_are_direct_raw_to_separate_v3_output" time="0.001" /><testcase classname="tests.test_raw_to_lerobot_v3" name="test_cli_accepts_explicit_task_specific_development_runtime_spec" time="0.001" /><testcase classname="tests.test_raw_to_lerobot_v3" name="test_clock_map_uses_explicit_supported_contract_and_is_deterministic" time="0.001" /><testcase classname="tests.test_raw_to_lerobot_v3" name="test_runtime_contract_rejects_unfrozen_semantics" time="0.000" /><testcase classname="tests.test_raw_to_lerobot_v3" name="test_ack_action_uses_latest_causal_reference_and_preserves_absolute_width" time="0.000" /><testcase classname="tests.test_raw_to_lerobot_v3" name="test_source_tree_manifest_is_content_bound_and_sorted" time="0.001" /><testcase classname="tests.test_rulespec" name="test_development_rulespec_validates[force_quality_thresholds.development.yaml]" time="0.009" /><testcase classname="tests.test_rulespec" name="test_development_rulespec_validates[shadow_safety_thresholds.development.yaml]" time="0.011" /><testcase classname="tests.test_rulespec" name="test_formal_mode_fails_closed_before_approval" time="0.009" /><testcase classname="tests.test_rulespec" name="test_test_only_shadow_rulespec_is_schema_valid_but_not_formal" time="0.022" /><testcase classname="tests.test_split_normalizer" name="test_episode_split_is_deterministic_and_disjoint" time="0.000" /><testcase classname="tests.test_split_normalizer" name="test_split_semantics_have_no_default" time="0.000" /><testcase classname="tests.test_split_normalizer" name="test_normalizer_rejects_validation_episode" time="0.000" /><testcase classname="tests.test_split_normalizer" name="test_normalizer_records_train_episodes_only" time="0.000" /><testcase classname="tests.test_temporal" name="test_causal_pose_zoh_golden_fixture" time="0.002" /><testcase classname="tests.test_temporal" name="test_max_pose_age_has_no_default" time="0.000" /><testcase classname="tests.test_temporal" name="test_nonmonotonic_source_timestamp_fails" time="0.000" /><testcase classname="tests.test_temporal" name="test_reference_grid_has_fixed_global_phase_and_no_compression" time="0.000" /><testcase classname="tests.test_temporal" name="test_latest_causal_never_reads_future" time="0.000" /><testcase classname="tests.test_temporal" name="test_action_tail_requires_three_acknowledged_zoh_labels" time="0.000" /><testcase classname="tests.test_training_data" name="test_real_training_transform_delta_normalizes_once_and_preserves_mask" time="0.001" /><testcase classname="tests.test_training_data" name="test_normalizer_manifest_tamper_fails" time="0.001" /><testcase classname="tests.test_training_stage" name="test_offline_stage_unfreezes_every_parameter_and_trains_vlm" time="0.000" /><testcase classname="tests.test_training_stage" name="test_online_hil_stage_freezes_only_vlm_and_keeps_it_eval" time="0.000" /><testcase classname="tests.test_training_stage" name="test_optimizer_state_cannot_cross_training_stage" time="0.000" /></testsuite></testsuites>